<?xml version="1.0" encoding="UTF-8"?>
<robot generator="Robot 5.0.1 (Python 3.10.6 on win32)" generated="20220816 21:20:49.494" rpa="false" schemaversion="3">
<suite id="s1" name="Table" source="c:\QA\Python+Robot\specs\table.robot">
<test id="s1-t1" name="Descobrir a linha pelo texto chave e valoda os demais valores" line="14">
<kw name="Nova sessão" library="base" type="SETUP">
<kw name="Open Browser" library="SeleniumLibrary">
<arg>${url}</arg>
<arg>firefox</arg>
<doc>Opens a new browser instance to the optional ``url``.</doc>
<msg timestamp="20220816 21:20:49.688" level="INFO">Opening browser 'firefox' to base url 'http://training-wheels-protocol.herokuapp.com'.</msg>
<msg timestamp="20220816 21:20:49.726" level="INFO">Firefox driver log is always forced to to: C:\QA\Python+Robot\geckodriver-1.log</msg>
<status status="PASS" starttime="20220816 21:20:49.687" endtime="20220816 21:20:59.148"/>
</kw>
<status status="PASS" starttime="20220816 21:20:49.687" endtime="20220816 21:20:59.149"/>
</kw>
<kw name="Go To" library="SeleniumLibrary">
<arg>${url}/tables</arg>
<doc>Navigates the current browser window to the provided ``url``.</doc>
<msg timestamp="20220816 21:20:59.150" level="INFO">Opening url 'http://training-wheels-protocol.herokuapp.com/tables'</msg>
<status status="PASS" starttime="20220816 21:20:59.150" endtime="20220816 21:20:59.612"/>
</kw>
<kw name="Get WebElement" library="SeleniumLibrary">
<var>${target}</var>
<arg>xpath://tr[contains(@chadwickboseman)]</arg>
<doc>Returns the first WebElement matching the given ``locator``.</doc>
<msg timestamp="20220816 21:20:59.685" level="INFO" html="true">&lt;/td&gt;&lt;/tr&gt;&lt;tr&gt;&lt;td colspan="3"&gt;&lt;a href="selenium-screenshot-1.png"&gt;&lt;img src="selenium-screenshot-1.png" width="800px"&gt;&lt;/a&gt;</msg>
<msg timestamp="20220816 21:20:59.686" level="FAIL">InvalidSelectorException: Message: Given xpath expression "//tr[contains(@chadwickboseman)]" is invalid: [Exception... "&lt;no message&gt;"  nsresult: "0x8060000d (&lt;unknown&gt;)"  location: "JS frame :: chrome://remote/content/marionette/element.js :: element.findByXPathAll :: line 372"  data: no]
Stacktrace:
WebDriverError@chrome://remote/content/shared/webdriver/Errors.jsm:188:5
InvalidSelectorError@chrome://remote/content/shared/webdriver/Errors.jsm:348:5
find_@chrome://remote/content/marionette/element.js:320:11
element.find/&lt;/findElements&lt;@chrome://remote/content/marionette/element.js:274:24
evalFn@chrome://remote/content/marionette/sync.js:136:7
PollPromise/&lt;@chrome://remote/content/marionette/sync.js:156:5
PollPromise@chrome://remote/content/marionette/sync.js:127:10
element.find/&lt;@chrome://remote/content/marionette/element.js:272:24
element.find@chrome://remote/content/marionette/element.js:271:10
findElements@chrome://remote/content/marionette/actors/MarionetteCommandsChild.jsm:265:25
receiveMessage@chrome://remote/content/marionette/actors/MarionetteCommandsChild.jsm:104:31
</msg>
<status status="FAIL" starttime="20220816 21:20:59.613" endtime="20220816 21:20:59.694"/>
</kw>
<kw name="Log" library="BuiltIn">
<arg>${target.text}</arg>
<doc>Logs the given message with the given level.</doc>
<status status="NOT RUN" starttime="20220816 21:20:59.695" endtime="20220816 21:20:59.695"/>
</kw>
<kw name="Log To Console" library="BuiltIn">
<arg>${target.text}</arg>
<doc>Logs the given message to the console.</doc>
<status status="NOT RUN" starttime="20220816 21:20:59.696" endtime="20220816 21:20:59.696"/>
</kw>
<kw name="Should Contain" library="BuiltIn">
<arg>${target.text}</arg>
<arg>$ 700.000</arg>
<doc>Fails if ``container`` does not contain ``item`` one or more times.</doc>
<status status="NOT RUN" starttime="20220816 21:20:59.696" endtime="20220816 21:20:59.696"/>
</kw>
<kw name="Should Contain" library="BuiltIn">
<arg>${target.text}</arg>
<arg>Pantera Negra</arg>
<doc>Fails if ``container`` does not contain ``item`` one or more times.</doc>
<status status="NOT RUN" starttime="20220816 21:20:59.697" endtime="20220816 21:20:59.698"/>
</kw>
<kw name="Encerra sessão" library="base" type="TEARDOWN">
<kw name="Capture Page Screenshot" library="SeleniumLibrary">
<doc>Takes a screenshot of the current page and embeds it into a log file.</doc>
<msg timestamp="20220816 21:20:59.751" level="INFO" html="true">&lt;/td&gt;&lt;/tr&gt;&lt;tr&gt;&lt;td colspan="3"&gt;&lt;a href="selenium-screenshot-2.png"&gt;&lt;img src="selenium-screenshot-2.png" width="800px"&gt;&lt;/a&gt;</msg>
<status status="PASS" starttime="20220816 21:20:59.699" endtime="20220816 21:20:59.751"/>
</kw>
<kw name="Close Browser" library="SeleniumLibrary">
<doc>Closes the current browser.</doc>
<status status="PASS" starttime="20220816 21:20:59.751" endtime="20220816 21:21:00.469"/>
</kw>
<status status="PASS" starttime="20220816 21:20:59.698" endtime="20220816 21:21:00.469"/>
</kw>
<status status="FAIL" starttime="20220816 21:20:49.685" endtime="20220816 21:21:00.470">InvalidSelectorException: Message: Given xpath expression "//tr[contains(@chadwickboseman)]" is invalid: [Exception... "&lt;no message&gt;"  nsresult: "0x8060000d (&lt;unknown&gt;)"  location: "JS frame :: chrome://remote/content/marionette/element.js :: element.findByXPathAll :: line 372"  data: no]
Stacktrace:
WebDriverError@chrome://remote/content/shared/webdriver/Errors.jsm:188:5
InvalidSelectorError@chrome://remote/content/shared/webdriver/Errors.jsm:348:5
find_@chrome://remote/content/marionette/element.js:320:11
element.find/&lt;/findElements&lt;@chrome://remote/content/marionette/element.js:274:24
evalFn@chrome://remote/content/marionette/sync.js:136:7
PollPromise/&lt;@chrome://remote/content/marionette/sync.js:156:5
PollPromise@chrome://remote/content/marionette/sync.js:127:10
element.find/&lt;@chrome://remote/content/marionette/element.js:272:24
element.find@chrome://remote/content/marionette/element.js:271:10
findElements@chrome://remote/content/marionette/actors/MarionetteCommandsChild.jsm:265:25
receiveMessage@chrome://remote/content/marionette/actors/MarionetteCommandsChild.jsm:104:31
</status>
</test>
<status status="FAIL" starttime="20220816 21:20:49.513" endtime="20220816 21:21:00.472"/>
</suite>
<statistics>
<total>
<stat pass="0" fail="1" skip="0">All Tests</stat>
</total>
<tag>
</tag>
<suite>
<stat pass="0" fail="1" skip="0" id="s1" name="Table">Table</stat>
</suite>
</statistics>
<errors>
</errors>
</robot>
